
Showing logs for build [32mcb-kubecd-environment-pr-1513-2-zz97d-1[0m stage [32mfrom-build-pack[0m and container [32mstep-credential-initializer-czkfn[0m
{"level":"info","ts":1591047252.8092651,"logger":"fallback-logger","caller":"logging/config.go:69","msg":"Fetch GitHub commit ID from kodata failed: open /var/run/ko/refs/heads/0.8.0-ns-support: no such file or directory"}
{"level":"info","ts":1591047252.8104372,"logger":"fallback-logger","caller":"creds-init/main.go:40","msg":"Credentials initialized."}

Showing logs for build [32mcb-kubecd-environment-pr-1513-2-zz97d-1[0m stage [32mfrom-build-pack[0m and container [32mstep-working-dir-initializer-xtq4c[0m
{"level":"info","ts":1591047253.7408414,"logger":"fallback-logger","caller":"logging/config.go:69","msg":"Fetch GitHub commit ID from kodata failed: open /var/run/ko/HEAD: no such file or directory"}
{"level":"info","ts":1591047253.743264,"logger":"fallback-logger","caller":"bash/main.go:64","msg":"Successfully executed command \"sh -c mkdir -p /workspace/source\"; output "}

Showing logs for build [32mcb-kubecd-environment-pr-1513-2-zz97d-1[0m stage [32mfrom-build-pack[0m and container [32mstep-place-tools[0m

Showing logs for build [32mcb-kubecd-environment-pr-1513-2-zz97d-1[0m stage [32mfrom-build-pack[0m and container [32mstep-git-source-cb-kubecd-environment-pr-1513-2-zz97d-55rbq[0m
{"level":"info","ts":1591047257.8641038,"logger":"fallback-logger","caller":"logging/config.go:69","msg":"Fetch GitHub commit ID from kodata failed: open /var/run/ko/refs/heads/0.8.0-ns-support: no such file or directory"}
{"level":"info","ts":1591047258.9448876,"logger":"fallback-logger","caller":"git/git.go:103","msg":"Successfully cloned https://github.com/cb-kubecd/environment-pr-1513-2-bdd-frontend-staging.git @ master in path /workspace/source"}

Showing logs for build [32mcb-kubecd-environment-pr-1513-2-zz97d-1[0m stage [32mfrom-build-pack[0m and container [32mstep-git-merge[0m
Using SHAs from PULL_REFS=master:d185fcf988cfc48c7c489954644cded8faa00cf1,1:c0f5fb375a1f6cd31b3f59c0a1324ca78b4bcdf4
DEBUG: LC_ALL=C JX_LOG_LEVEL=error git fetch origin --unshallow c0f5fb375a1f6cd31b3f59c0a1324ca78b4bcdf4: d185fcf988cfc48c7c489954644cded8faa00cf1:
DEBUG: ran git fetch --unshallow origin c0f5fb375a1f6cd31b3f59c0a1324ca78b4bcdf4: d185fcf988cfc48c7c489954644cded8faa00cf1: in 
DEBUG: LC_ALL=C JX_LOG_LEVEL=error git branch
DEBUG: LC_ALL=C JX_LOG_LEVEL=error git checkout master
DEBUG: ran git checkout master in 
DEBUG: LC_ALL=C JX_LOG_LEVEL=error git reset --hard d185fcf988cfc48c7c489954644cded8faa00cf1
DEBUG: ran git reset --hard d185fcf988cfc48c7c489954644cded8faa00cf1 in 
DEBUG: LC_ALL=C JX_LOG_LEVEL=error git clean -fd .
DEBUG: ran clean --force -d . in 
DEBUG: LC_ALL=C JX_LOG_LEVEL=error git merge c0f5fb375a1f6cd31b3f59c0a1324ca78b4bcdf4
DEBUG: ran git merge c0f5fb375a1f6cd31b3f59c0a1324ca78b4bcdf4 in 
DEBUG: LC_ALL=C JX_LOG_LEVEL=error git log --format=%H%x1f%an%x1f%ae%x1f%cn%x1f%ce%x1f%s%n%b%x1e d185fcf988cfc48c7c489954644cded8faa00cf1..HEAD
Merged SHA c0f5fb375a1f6cd31b3f59c0a1324ca78b4bcdf4 with commit message 'chore: Promote bdd-nh-1591046188 to version 0.0.1' into base branch master

Showing logs for build [32mcb-kubecd-environment-pr-1513-2-zz97d-1[0m stage [32mfrom-build-pack[0m and container [32mstep-build-helm-build[0m
WARNING: No $CHART_REPOSITORY defined so using the default value of: http://jenkins-x-chartmuseum:8080
Adding missing Helm repo: storage.googleapis.com https://storage.googleapis.com/chartmuseum.jenkins-x.io
WARNING: No secrets found on "helm/repos" due: reading the secret "helm/repos" from vault: no secret "helm/repos" not found in vault
Read credentials for https://storage.googleapis.com/chartmuseum.jenkins-x.io from vault helm/repos
Successfully added Helm repository storage.googleapis.com.
Adding missing Helm repo: jenkins-x-chartmuseum http://jenkins-x-chartmuseum:8080
WARNING: No secrets found on "helm/repos" due: reading the secret "helm/repos" from vault: no secret "helm/repos" not found in vault
Read credentials for http://jenkins-x-chartmuseum:8080 from vault helm/repos
Successfully added Helm repository jenkins-x-chartmuseum.
WARNING: No $CHART_REPOSITORY defined so using the default value of: http://jenkins-x-chartmuseum:8080
Adding missing Helm repo: chartmuseum.jenkins-x.io http://chartmuseum.jenkins-x.io
WARNING: No secrets found on "helm/repos" due: reading the secret "helm/repos" from vault: no secret "helm/repos" not found in vault
Read credentials for http://chartmuseum.jenkins-x.io from vault helm/repos
Successfully added Helm repository chartmuseum.jenkins-x.io.
